<?xml version="1.0" encoding="UTF-8"?>
<!-- Generated by org.testng.reporters.JUnitReportReporter -->
<testsuite hostname="Rahuls-iMac.local" failures="0" tests="1" name="TestNG.test_web_page" time="3.782" errors="0" timestamp="02 Mar 2020 13:26:40 GMT" skipped="0">
  <testcase classname="TestNG.test_web_page" name="verifyaboutus" time="3.782"/>
</testsuite> <!-- TestNG.test_web_page -->
